0 info it worked if it ends with ok
1 verbose cli [ '/Users/jonalexander/.nvm/versions/node/v7.2.1/bin/node',
1 verbose cli   '/Users/jonalexander/.nvm/versions/node/v7.2.1/bin/npm',
1 verbose cli   'run',
1 verbose cli   'lint' ]
2 info using npm@3.10.10
3 info using node@v7.2.1
4 verbose run-script [ 'prelint', 'lint', 'postlint' ]
5 info lifecycle legislatrApp@0.0.1~prelint: legislatrApp@0.0.1
6 silly lifecycle legislatrApp@0.0.1~prelint: no script for prelint, continuing
7 info lifecycle legislatrApp@0.0.1~lint: legislatrApp@0.0.1
8 verbose lifecycle legislatrApp@0.0.1~lint: unsafe-perm in lifecycle true
9 verbose lifecycle legislatrApp@0.0.1~lint: PATH: /Users/jonalexander/.nvm/versions/node/v7.2.1/lib/node_modules/npm/bin/node-gyp-bin:/Users/jonalexander/Development/legislatr-app/node_modules/.bin:/Users/jonalexander/Development/legislatr-app/node_modules/.bin:/usr/local/Cellar/git/2.6.4/libexec/git-core:/Users/jonalexander/.nvm/versions/node/v7.2.1/bin:/Library/Frameworks/Python.framework/Versions/2.7/bin:/Users/jonalexander/.rvm/gems/ruby-2.2.3/bin:/Users/jonalexander/.rvm/gems/ruby-2.2.3@global/bin:/Users/jonalexander/.rvm/rubies/ruby-2.2.3/bin:/Applications/Postgres.app/Contents/Versions/9.4/bin:/usr/local:/usr/local/bin:/usr/local/sbin:/usr/bin:/usr/local/bin:/usr/bin:/bin:/usr/sbin:/sbin:/Users/jonalexander/.rvm/bin
10 verbose lifecycle legislatrApp@0.0.1~lint: CWD: /Users/jonalexander/Development/legislatr-app
11 silly lifecycle legislatrApp@0.0.1~lint: Args: [ '-c', 'standard --verbose | snazzy' ]
12 silly lifecycle legislatrApp@0.0.1~lint: Returned: code: 255  signal: null
13 info lifecycle legislatrApp@0.0.1~lint: Failed to exec lint script
14 verbose stack Error: legislatrApp@0.0.1 lint: `standard --verbose | snazzy`
14 verbose stack Exit status 255
14 verbose stack     at EventEmitter.<anonymous> (/Users/jonalexander/.nvm/versions/node/v7.2.1/lib/node_modules/npm/lib/utils/lifecycle.js:255:16)
14 verbose stack     at emitTwo (events.js:106:13)
14 verbose stack     at EventEmitter.emit (events.js:191:7)
14 verbose stack     at ChildProcess.<anonymous> (/Users/jonalexander/.nvm/versions/node/v7.2.1/lib/node_modules/npm/lib/utils/spawn.js:40:14)
14 verbose stack     at emitTwo (events.js:106:13)
14 verbose stack     at ChildProcess.emit (events.js:191:7)
14 verbose stack     at maybeClose (internal/child_process.js:885:16)
14 verbose stack     at Process.ChildProcess._handle.onexit (internal/child_process.js:226:5)
15 verbose pkgid legislatrApp@0.0.1
16 verbose cwd /Users/jonalexander/Development/legislatr-app
17 error Darwin 16.3.0
18 error argv "/Users/jonalexander/.nvm/versions/node/v7.2.1/bin/node" "/Users/jonalexander/.nvm/versions/node/v7.2.1/bin/npm" "run" "lint"
19 error node v7.2.1
20 error npm  v3.10.10
21 error code ELIFECYCLE
22 error legislatrApp@0.0.1 lint: `standard --verbose | snazzy`
22 error Exit status 255
23 error Failed at the legislatrApp@0.0.1 lint script 'standard --verbose | snazzy'.
23 error Make sure you have the latest version of node.js and npm installed.
23 error If you do, this is most likely a problem with the legislatrApp package,
23 error not with npm itself.
23 error Tell the author that this fails on your system:
23 error     standard --verbose | snazzy
23 error You can get information on how to open an issue for this project with:
23 error     npm bugs legislatrApp
23 error Or if that isn't available, you can get their info via:
23 error     npm owner ls legislatrApp
23 error There is likely additional logging output above.
24 verbose exit [ 1, true ]
